[2025-05-11 04:29:46Z INFO HostContext] No proxy settings were found based on environmental variables (http_proxy/https_proxy/HTTP_PROXY/HTTPS_PROXY)
[2025-05-11 04:29:46Z INFO HostContext] Well known directory 'Bin': 'D:\FAST University\SEMESTER 6\SCD\Project\actions-runner\actions-runner\actions-runner\bin'
[2025-05-11 04:29:46Z INFO HostContext] Well known directory 'Root': 'D:\FAST University\SEMESTER 6\SCD\Project\actions-runner\actions-runner\actions-runner'
[2025-05-11 04:29:46Z INFO HostContext] Well known config file 'Credentials': 'D:\FAST University\SEMESTER 6\SCD\Project\actions-runner\actions-runner\actions-runner\.credentials'
[2025-05-11 04:29:46Z INFO HostContext] Well known directory 'Bin': 'D:\FAST University\SEMESTER 6\SCD\Project\actions-runner\actions-runner\actions-runner\bin'
[2025-05-11 04:29:46Z INFO HostContext] Well known directory 'Root': 'D:\FAST University\SEMESTER 6\SCD\Project\actions-runner\actions-runner\actions-runner'
[2025-05-11 04:29:46Z INFO HostContext] Well known config file 'Runner': 'D:\FAST University\SEMESTER 6\SCD\Project\actions-runner\actions-runner\actions-runner\.runner'
[2025-05-11 04:29:46Z INFO Listener] Runner is built for Windows (X64) - win-x64.
[2025-05-11 04:29:46Z INFO Listener] RuntimeInformation: Microsoft Windows 10.0.26100.
[2025-05-11 04:29:46Z INFO Listener] Version: 2.323.0
[2025-05-11 04:29:46Z INFO Listener] Commit: d8b82f44a9ec0258904d5869ae683c31d5aac299
[2025-05-11 04:29:46Z INFO Listener] Culture: en-US
[2025-05-11 04:29:46Z INFO Listener] UI Culture: en-US
[2025-05-11 04:29:46Z INFO HostContext] Well known directory 'Bin': 'D:\FAST University\SEMESTER 6\SCD\Project\actions-runner\actions-runner\actions-runner\bin'
[2025-05-11 04:29:46Z INFO HostContext] Well known directory 'Root': 'D:\FAST University\SEMESTER 6\SCD\Project\actions-runner\actions-runner\actions-runner'
[2025-05-11 04:29:46Z INFO Listener] Validating directory permissions for: 'D:\FAST University\SEMESTER 6\SCD\Project\actions-runner\actions-runner\actions-runner'
[2025-05-11 04:29:46Z INFO CommandLineParser] Parse
[2025-05-11 04:29:46Z INFO CommandLineParser] Parsing 5 args
[2025-05-11 04:29:46Z INFO CommandLineParser] parsing argument
[2025-05-11 04:29:46Z INFO CommandLineParser] HasArgs: False
[2025-05-11 04:29:46Z INFO CommandLineParser] Adding Command: configure
[2025-05-11 04:29:46Z INFO CommandLineParser] parsing argument
[2025-05-11 04:29:46Z INFO CommandLineParser] HasArgs: True
[2025-05-11 04:29:46Z INFO CommandLineParser] arg: url
[2025-05-11 04:29:46Z INFO CommandLineParser] parsing argument
[2025-05-11 04:29:46Z INFO CommandLineParser] HasArgs: True
[2025-05-11 04:29:46Z INFO CommandLineParser] Adding option 'url': 'https://github.com/dawood90999/SCD_Project'
[2025-05-11 04:29:46Z INFO CommandLineParser] parsing argument
[2025-05-11 04:29:46Z INFO CommandLineParser] HasArgs: True
[2025-05-11 04:29:46Z INFO CommandLineParser] arg: token
[2025-05-11 04:29:46Z INFO CommandLineParser] parsing argument
[2025-05-11 04:29:46Z INFO CommandLineParser] HasArgs: True
[2025-05-11 04:29:46Z INFO CommandLineParser] Adding option 'token': '***'
[2025-05-11 04:29:46Z INFO Listener] Arguments parsed
[2025-05-11 04:29:46Z INFO Runner] ExecuteCommand
[2025-05-11 04:29:46Z INFO ConfigurationStore] currentAssemblyLocation: D:\FAST University\SEMESTER 6\SCD\Project\actions-runner\actions-runner\actions-runner\bin\Runner.Listener.dll
[2025-05-11 04:29:46Z INFO HostContext] Well known directory 'Bin': 'D:\FAST University\SEMESTER 6\SCD\Project\actions-runner\actions-runner\actions-runner\bin'
[2025-05-11 04:29:46Z INFO ConfigurationStore] binPath: D:\FAST University\SEMESTER 6\SCD\Project\actions-runner\actions-runner\actions-runner\bin
[2025-05-11 04:29:46Z INFO HostContext] Well known directory 'Bin': 'D:\FAST University\SEMESTER 6\SCD\Project\actions-runner\actions-runner\actions-runner\bin'
[2025-05-11 04:29:46Z INFO HostContext] Well known directory 'Root': 'D:\FAST University\SEMESTER 6\SCD\Project\actions-runner\actions-runner\actions-runner'
[2025-05-11 04:29:46Z INFO ConfigurationStore] RootFolder: D:\FAST University\SEMESTER 6\SCD\Project\actions-runner\actions-runner\actions-runner
[2025-05-11 04:29:46Z INFO HostContext] Well known directory 'Bin': 'D:\FAST University\SEMESTER 6\SCD\Project\actions-runner\actions-runner\actions-runner\bin'
[2025-05-11 04:29:46Z INFO HostContext] Well known directory 'Root': 'D:\FAST University\SEMESTER 6\SCD\Project\actions-runner\actions-runner\actions-runner'
[2025-05-11 04:29:46Z INFO HostContext] Well known config file 'Runner': 'D:\FAST University\SEMESTER 6\SCD\Project\actions-runner\actions-runner\actions-runner\.runner'
[2025-05-11 04:29:46Z INFO ConfigurationStore] ConfigFilePath: D:\FAST University\SEMESTER 6\SCD\Project\actions-runner\actions-runner\actions-runner\.runner
[2025-05-11 04:29:46Z INFO HostContext] Well known directory 'Bin': 'D:\FAST University\SEMESTER 6\SCD\Project\actions-runner\actions-runner\actions-runner\bin'
[2025-05-11 04:29:46Z INFO HostContext] Well known directory 'Root': 'D:\FAST University\SEMESTER 6\SCD\Project\actions-runner\actions-runner\actions-runner'
[2025-05-11 04:29:46Z INFO HostContext] Well known config file 'MigratedRunner': 'D:\FAST University\SEMESTER 6\SCD\Project\actions-runner\actions-runner\actions-runner\.runner_migrated'
[2025-05-11 04:29:46Z INFO ConfigurationStore] MigratedConfigFilePath: D:\FAST University\SEMESTER 6\SCD\Project\actions-runner\actions-runner\actions-runner\.runner_migrated
[2025-05-11 04:29:46Z INFO HostContext] Well known directory 'Bin': 'D:\FAST University\SEMESTER 6\SCD\Project\actions-runner\actions-runner\actions-runner\bin'
[2025-05-11 04:29:46Z INFO HostContext] Well known directory 'Root': 'D:\FAST University\SEMESTER 6\SCD\Project\actions-runner\actions-runner\actions-runner'
[2025-05-11 04:29:46Z INFO HostContext] Well known config file 'Credentials': 'D:\FAST University\SEMESTER 6\SCD\Project\actions-runner\actions-runner\actions-runner\.credentials'
[2025-05-11 04:29:46Z INFO ConfigurationStore] CredFilePath: D:\FAST University\SEMESTER 6\SCD\Project\actions-runner\actions-runner\actions-runner\.credentials
[2025-05-11 04:29:46Z INFO HostContext] Well known directory 'Bin': 'D:\FAST University\SEMESTER 6\SCD\Project\actions-runner\actions-runner\actions-runner\bin'
[2025-05-11 04:29:46Z INFO HostContext] Well known directory 'Root': 'D:\FAST University\SEMESTER 6\SCD\Project\actions-runner\actions-runner\actions-runner'
[2025-05-11 04:29:46Z INFO HostContext] Well known config file 'MigratedCredentials': 'D:\FAST University\SEMESTER 6\SCD\Project\actions-runner\actions-runner\actions-runner\.credentials_migrated'
[2025-05-11 04:29:46Z INFO ConfigurationStore] MigratedCredFilePath: D:\FAST University\SEMESTER 6\SCD\Project\actions-runner\actions-runner\actions-runner\.credentials_migrated
[2025-05-11 04:29:46Z INFO HostContext] Well known directory 'Bin': 'D:\FAST University\SEMESTER 6\SCD\Project\actions-runner\actions-runner\actions-runner\bin'
[2025-05-11 04:29:46Z INFO HostContext] Well known directory 'Root': 'D:\FAST University\SEMESTER 6\SCD\Project\actions-runner\actions-runner\actions-runner'
[2025-05-11 04:29:46Z INFO HostContext] Well known config file 'Service': 'D:\FAST University\SEMESTER 6\SCD\Project\actions-runner\actions-runner\actions-runner\.service'
[2025-05-11 04:29:46Z INFO ConfigurationStore] ServiceConfigFilePath: D:\FAST University\SEMESTER 6\SCD\Project\actions-runner\actions-runner\actions-runner\.service
[2025-05-11 04:29:46Z INFO CommandSettings] Flag 'help': 'False'
[2025-05-11 04:29:46Z INFO CommandSettings] Flag 'version': 'False'
[2025-05-11 04:29:46Z INFO CommandSettings] Flag 'commit': 'False'
[2025-05-11 04:29:46Z INFO CommandSettings] Flag 'check': 'False'
[2025-05-11 04:29:46Z INFO CommandSettings] Command 'configure': 'True'
[2025-05-11 04:29:46Z INFO Terminal] WRITE LINE: 
[2025-05-11 04:29:46Z INFO Terminal] WRITE LINE: --------------------------------------------------------------------------------
[2025-05-11 04:29:46Z INFO Terminal] WRITE LINE: |        ____ _ _   _   _       _          _        _   _                      |
[2025-05-11 04:29:46Z INFO Terminal] WRITE LINE: |       / ___(_) |_| | | |_   _| |__      / \   ___| |_(_) ___  _ __  ___      |
[2025-05-11 04:29:46Z INFO Terminal] WRITE LINE: |      | |  _| | __| |_| | | | | '_ \    / _ \ / __| __| |/ _ \| '_ \/ __|     |
[2025-05-11 04:29:46Z INFO Terminal] WRITE LINE: |      | |_| | | |_|  _  | |_| | |_) |  / ___ \ (__| |_| | (_) | | | \__ \     |
[2025-05-11 04:29:46Z INFO Terminal] WRITE LINE: |       \____|_|\__|_| |_|\__,_|_.__/  /_/   \_\___|\__|_|\___/|_| |_|___/     |
[2025-05-11 04:29:46Z INFO Terminal] WRITE LINE: |                                                                              |
[2025-05-11 04:29:46Z INFO Terminal] WRITE: |                       
[2025-05-11 04:29:46Z INFO Terminal] WRITE: Self-hosted runner registration
[2025-05-11 04:29:46Z INFO Terminal] WRITE LINE:                         |
[2025-05-11 04:29:46Z INFO Terminal] WRITE LINE: |                                                                              |
[2025-05-11 04:29:46Z INFO Terminal] WRITE LINE: --------------------------------------------------------------------------------
[2025-05-11 04:29:46Z INFO ConfigurationManager] ConfigureAsync
[2025-05-11 04:29:46Z INFO CommandSettings] Flag 'generateServiceConfig': 'False'
[2025-05-11 04:29:46Z INFO ConfigurationStore] IsConfigured()
[2025-05-11 04:29:46Z INFO ConfigurationStore] IsConfigured: False
[2025-05-11 04:29:46Z INFO ConfigurationManager] Is configured: False
[2025-05-11 04:29:46Z INFO CommandSettings] Arg 'url': 'https://github.com/dawood90999/SCD_Project'
[2025-05-11 04:29:46Z INFO CommandSettings] Remove url from Arg dictionary.
[2025-05-11 04:29:46Z INFO CommandSettings] Arg 'token': '***'
[2025-05-11 04:29:46Z INFO CommandSettings] Remove token from Arg dictionary.
[2025-05-11 04:29:47Z INFO ConfigurationManager] Http response code: OK from 'POST https://api.github.com/actions/runner-registration' (B517:2B7E9B:6E7C2C:9D349B:682027BD)
[2025-05-11 04:29:47Z INFO ConfigurationManager] Using V2 flow: False
[2025-05-11 04:29:47Z INFO ConfigurationManager] cred retrieved via GitHub auth
[2025-05-11 04:29:47Z INFO RunnerServer] EstablishVssConnection
[2025-05-11 04:29:47Z INFO RunnerServer] Establish connection with 100 seconds timeout.
[2025-05-11 04:29:47Z INFO GitHubActionsService] Starting operation Location.GetConnectionData
[2025-05-11 04:29:47Z INFO RunnerServer] EstablishVssConnection
[2025-05-11 04:29:47Z INFO RunnerServer] Establish connection with 60 seconds timeout.
[2025-05-11 04:29:47Z INFO GitHubActionsService] Starting operation Location.GetConnectionData
[2025-05-11 04:29:47Z INFO RunnerServer] EstablishVssConnection
[2025-05-11 04:29:47Z INFO RunnerServer] Establish connection with 60 seconds timeout.
[2025-05-11 04:29:47Z INFO GitHubActionsService] Starting operation Location.GetConnectionData
[2025-05-11 04:29:49Z INFO GitHubActionsService] Finished operation Location.GetConnectionData
[2025-05-11 04:29:49Z INFO GitHubActionsService] Finished operation Location.GetConnectionData
[2025-05-11 04:29:49Z INFO GitHubActionsService] Finished operation Location.GetConnectionData
[2025-05-11 04:29:49Z INFO Terminal] WRITE LINE: 
[2025-05-11 04:29:49Z INFO ConfigurationManager] Test Connection complete.
[2025-05-11 04:29:49Z INFO HostContext] Well known directory 'Bin': 'D:\FAST University\SEMESTER 6\SCD\Project\actions-runner\actions-runner\actions-runner\bin'
[2025-05-11 04:29:49Z INFO HostContext] Well known directory 'Root': 'D:\FAST University\SEMESTER 6\SCD\Project\actions-runner\actions-runner\actions-runner'
[2025-05-11 04:29:49Z INFO HostContext] Well known config file 'RSACredentials': 'D:\FAST University\SEMESTER 6\SCD\Project\actions-runner\actions-runner\actions-runner\.credentials_rsaparams'
[2025-05-11 04:29:49Z INFO RSAEncryptedFileKeyManager] Creating new RSA key using 2048-bit key length
[2025-05-11 04:29:49Z INFO RSAEncryptedFileKeyManager] Successfully saved RSA key parameters to file D:\FAST University\SEMESTER 6\SCD\Project\actions-runner\actions-runner\actions-runner\.credentials_rsaparams
[2025-05-11 04:29:49Z INFO CommandSettings] Arg 'runnergroup': ''
[2025-05-11 04:29:49Z INFO CommandSettings] Flag 'unattended': 'False'
[2025-05-11 04:29:49Z INFO PromptManager] ReadValue
[2025-05-11 04:29:49Z INFO Terminal] WRITE: Enter the name of the runner group to add this runner to: 
[2025-05-11 04:29:49Z INFO Terminal] WRITE: [press Enter for Default] 
[2025-05-11 04:29:49Z INFO Terminal] READ LINE
[2025-05-11 04:30:00Z INFO Terminal] Read value: 'pacemaker'
[2025-05-11 04:30:00Z INFO Terminal] WRITE LINE: 
[2025-05-11 04:30:00Z ERR  Runner] GitHub.DistributedTask.WebApi.TaskAgentPoolNotFoundException: Could not find any self-hosted runner group named "pacemaker".
   at GitHub.Runner.Listener.Configuration.ConfigurationManager.ConfigureAsync(CommandSettings command)
   at GitHub.Runner.Listener.Runner.ExecuteCommand(CommandSettings command)
[2025-05-11 04:30:00Z ERR  Terminal] WRITE ERROR: Could not find any self-hosted runner group named "pacemaker".
[2025-05-11 04:30:00Z INFO Listener] Runner execution has finished with return code 1
